<?xml version="1.0" encoding="UTF-8"?>
<!-- Generated by org.testng.reporters.JUnitReportReporter -->
<testsuite hostname="ASUS-PC" failures="0" tests="1" name="com.cstech.testscript.TestFileUpload" time="18.491" errors="0" timestamp="2023-06-19T14:47:31 IST" skipped="0">
  <testcase classname="com.cstech.testscript.TestFileUpload" name="testFileUpload" time="18.491"/>
</testsuite> <!-- com.cstech.testscript.TestFileUpload -->
